[debug] [2022-02-04T16:52:54.309Z] ----------------------------------------------------------------------
[debug] [2022-02-04T16:52:54.310Z] Command:       /Users/dominon12/.nvm/versions/node/v14.18.2/bin/node /Users/dominon12/.nvm/versions/node/v14.18.2/bin/firebase deploy
[debug] [2022-02-04T16:52:54.310Z] CLI Version:   10.0.1
[debug] [2022-02-04T16:52:54.310Z] Platform:      darwin
[debug] [2022-02-04T16:52:54.310Z] Node Version:  v14.18.2
[debug] [2022-02-04T16:52:54.313Z] Time:          Fri Feb 04 2022 17:52:54 GMT+0100 (Central European Standard Time)
[debug] [2022-02-04T16:52:54.313Z] ----------------------------------------------------------------------
[debug] 
[debug] [2022-02-04T16:52:54.359Z] > command requires scopes: ["email","openid","https://www.googleapis.com/auth/cloudplatformprojects.readonly","https://www.googleapis.com/auth/firebase","https://www.googleapis.com/auth/cloud-platform"]
[debug] [2022-02-04T16:52:54.359Z] > authorizing via signed-in user (youneedmax@gmail.com)
[debug] [2022-02-04T16:52:54.360Z] [iam] checking project learn-sorting for permissions ["firebase.projects.get","firebasehosting.sites.update"]
[debug] [2022-02-04T16:52:54.361Z] > refreshing access token with scopes: ["email","https://www.googleapis.com/auth/cloud-platform","https://www.googleapis.com/auth/cloudplatformprojects.readonly","https://www.googleapis.com/auth/firebase","openid"]
[debug] [2022-02-04T16:52:54.361Z] >>> HTTP REQUEST POST https://www.googleapis.com/oauth2/v3/token  
 <request body omitted>
[debug] [2022-02-04T16:52:54.504Z] <<< HTTP RESPONSE 200 {"pragma":"no-cache","expires":"Mon, 01 Jan 1990 00:00:00 GMT","cache-control":"no-cache, no-store, max-age=0, must-revalidate","date":"Fri, 04 Feb 2022 16:52:54 GMT","content-type":"application/json; charset=utf-8","vary":"X-Origin, Referer, Origin,Accept-Encoding","server":"scaffolding on HTTPServer2","x-xss-protection":"0","x-frame-options":"SAMEORIGIN","x-content-type-options":"nosniff","alt-svc":"h3=\":443\"; ma=2592000,h3-29=\":443\"; ma=2592000,h3-Q050=\":443\"; ma=2592000,h3-Q046=\":443\"; ma=2592000,h3-Q043=\":443\"; ma=2592000,quic=\":443\"; ma=2592000; v=\"46,43\"","accept-ranges":"none","transfer-encoding":"chunked"}
[debug] [2022-02-04T16:52:54.550Z] >>> HTTP REQUEST POST https://cloudresourcemanager.googleapis.com/v1/projects/learn-sorting:testIamPermissions  
 {"permissions":["firebase.projects.get","firebasehosting.sites.update"]}
[debug] [2022-02-04T16:52:55.344Z] <<< HTTP RESPONSE 200 {"content-type":"application/json; charset=UTF-8","vary":"X-Origin, Referer, Origin,Accept-Encoding","date":"Fri, 04 Feb 2022 16:52:55 GMT","server":"ESF","cache-control":"private","x-xss-protection":"0","x-frame-options":"SAMEORIGIN","x-content-type-options":"nosniff","server-timing":"gfet4t7; dur=658","alt-svc":"h3=\":443\"; ma=2592000,h3-29=\":443\"; ma=2592000,h3-Q050=\":443\"; ma=2592000,h3-Q046=\":443\"; ma=2592000,h3-Q043=\":443\"; ma=2592000,quic=\":443\"; ma=2592000; v=\"46,43\"","accept-ranges":"none","transfer-encoding":"chunked"}
[debug] [2022-02-04T16:52:55.349Z] > refreshing access token with scopes: []
[debug] [2022-02-04T16:52:55.350Z] >>> HTTP REQUEST POST https://www.googleapis.com/oauth2/v3/token  
 <request body omitted>
[debug] [2022-02-04T16:52:55.451Z] <<< HTTP RESPONSE 200 {"cache-control":"no-cache, no-store, max-age=0, must-revalidate","pragma":"no-cache","date":"Fri, 04 Feb 2022 16:52:55 GMT","expires":"Mon, 01 Jan 1990 00:00:00 GMT","content-type":"application/json; charset=utf-8","vary":"X-Origin, Referer, Origin,Accept-Encoding","server":"scaffolding on HTTPServer2","x-xss-protection":"0","x-frame-options":"SAMEORIGIN","x-content-type-options":"nosniff","alt-svc":"h3=\":443\"; ma=2592000,h3-29=\":443\"; ma=2592000,h3-Q050=\":443\"; ma=2592000,h3-Q046=\":443\"; ma=2592000,h3-Q043=\":443\"; ma=2592000,quic=\":443\"; ma=2592000; v=\"46,43\"","accept-ranges":"none","transfer-encoding":"chunked"}
[debug] [2022-02-04T16:52:55.500Z] >>> [apiv2][query] GET https://firebase.googleapis.com/v1beta1/projects/learn-sorting [none]
